<?xml version="1.0" encoding="UTF-8"?>
<testsuite xmlns:xsi="http://www.w3.org/2001/XMLSchema-instance" xsi:noNamespaceSchemaLocation="https://maven.apache.org/surefire/maven-surefire-plugin/xsd/surefire-test-report.xsd" name="pl.coreservices.BootCampHashTag.BootCampHashTagApplicationTests" time="0.314" tests="1" errors="1" skipped="0" failures="0">
  <properties>
[...]
</properties>
  <testcase name="initializationError" classname="pl.coreservices.BootCampHashTag.BootCampHashTagApplicationTests" time="0.006">
    <error message="org.springframework.util.Assert.state(ZLjava/util/function/Supplier;)V" type="java.lang.NoSuchMethodError">java.lang.NoSuchMethodError: org.springframework.util.Assert.state(ZLjava/util/function/Supplier;)V
</error>
    <system-out><![CDATA[19:23:18.537 [main] DEBUG org.springframework.test.context.junit4.SpringJUnit4ClassRunner - SpringJUnit4ClassRunner constructor called with [class pl.coreservices.BootCampHashTag.BootCampHashTagApplicationTests]
19:23:18.545 [main] DEBUG org.springframework.test.context.BootstrapUtils - Instantiating CacheAwareContextLoaderDelegate from class [org.springframework.test.context.cache.DefaultCacheAwareContextLoaderDelegate]
19:23:18.560 [main] DEBUG org.springframework.test.context.BootstrapUtils - Instantiating BootstrapContext using constructor [public org.springframework.test.context.support.DefaultBootstrapContext(java.lang.Class,org.springframework.test.context.CacheAwareContextLoaderDelegate)]
19:23:18.585 [main] DEBUG org.springframework.test.context.BootstrapUtils - Instantiating TestContextBootstrapper for test class [pl.coreservices.BootCampHashTag.BootCampHashTagApplicationTests] from class [org.springframework.boot.test.context.SpringBootTestContextBootstrapper]
19:23:18.605 [main] INFO org.springframework.boot.test.context.SpringBootTestContextBootstrapper - Neither @ContextConfiguration nor @ContextHierarchy found for test class [pl.coreservices.BootCampHashTag.BootCampHashTagApplicationTests], using SpringBootContextLoader
19:23:18.609 [main] DEBUG org.springframework.test.context.support.AbstractContextLoader - Did not detect default resource location for test class [pl.coreservices.BootCampHashTag.BootCampHashTagApplicationTests]: class path resource [pl/coreservices/BootCampHashTag/BootCampHashTagApplicationTests-context.xml] does not exist
19:23:18.610 [main] DEBUG org.springframework.test.context.support.AbstractContextLoader - Did not detect default resource location for test class [pl.coreservices.BootCampHashTag.BootCampHashTagApplicationTests]: class path resource [pl/coreservices/BootCampHashTag/BootCampHashTagApplicationTestsContext.groovy] does not exist
19:23:18.610 [main] INFO org.springframework.test.context.support.AbstractContextLoader - Could not detect default resource locations for test class [pl.coreservices.BootCampHashTag.BootCampHashTagApplicationTests]: no resource found for suffixes {-context.xml, Context.groovy}.
19:23:18.611 [main] INFO org.springframework.test.context.support.AnnotationConfigContextLoaderUtils - Could not detect default configuration classes for test class [pl.coreservices.BootCampHashTag.BootCampHashTagApplicationTests]: BootCampHashTagApplicationTests does not declare any static, non-private, non-final, nested classes annotated with @Configuration.
]]></system-out>
    <system-err><![CDATA[SLF4J: Class path contains multiple SLF4J bindings.
SLF4J: Found binding in [jar:file:/Users/natalia/.m2/repository/ch/qos/logback/logback-classic/1.2.3/logback-classic-1.2.3.jar!/org/slf4j/impl/StaticLoggerBinder.class]
SLF4J: Found binding in [jar:file:/Users/natalia/.m2/repository/org/apache/activemq/activemq-all/5.15.7/activemq-all-5.15.7.jar!/org/slf4j/impl/StaticLoggerBinder.class]
SLF4J: See http://www.slf4j.org/codes.html#multiple_bindings for an explanation.
SLF4J: Actual binding is of type [ch.qos.logback.classic.util.ContextSelectorStaticBinder]
]]></system-err>
  </testcase>
</testsuite>